Watching for file changes with StatReloader
Waiting for apps ready_event.
Apps ready_event triggered. Sending autoreload_started signal.
Watching dir C:\Users\mirjo\PycharmProjects\djangoProject\templates with glob **/*.
Watching dir C:\Users\mirjo\PycharmProjects\djangoProject\base\templates with glob **/*.
Watching dir C:\Users\mirjo\PycharmProjects\djangoProject\locale with glob **/*.mo.
Watching dir C:\Users\mirjo\PycharmProjects\djangoProject\base\locale with glob **/*.mo.
File C:\Users\mirjo\AppData\Local\Programs\Python\Python312\Lib\getpass.py first seen with mtime 1722960150.0
File C:\Users\mirjo\AppData\Local\Programs\Python\Python312\Lib\email\_policybase.py first seen with mtime 1722960150.0
File C:\Users\mirjo\PycharmProjects\djangoProject\.venv\Lib\site-packages\sqlparse\filters\aligned_indent.py first seen with mtime 1724742488.6031494
File C:\Users\mirjo\PycharmProjects\djangoProject\.venv\Lib\site-packages\django\utils\translation\__init__.py first seen with mtime 1724742491.493413
File C:\Users\mirjo\AppData\Local\Programs\Python\Python312\Lib\http\server.py first seen with mtime 1722960150.0
File C:\Users\mirjo\AppData\Local\Programs\Python\Python312\Lib\_compression.py first seen with mtime 1722960150.0
File C:\Users\mirjo\PycharmProjects\djangoProject\.venv\Lib\site-packages\django\core\handlers\wsgi.py first seen with mtime 1724742491.255388
File C:\Users\mirjo\AppData\Local\Programs\Python\Python312\Lib\multiprocessing\process.py first seen with mtime 1722960152.0
File C:\Users\mirjo\AppData\Local\Programs\Python\Python312\DLLs\_uuid.pyd first seen with mtime 1722960196.0
File C:\Users\mirjo\PycharmProjects\djangoProject\.venv\Lib\site-packages\django\db\models\sql\datastructures.py first seen with mtime 1724742491.3618639
File C:\Users\mirjo\PycharmProjects\djangoProject\.venv\Lib\site-packages\django\template\defaultfilters.py first seen with mtime 1724742491.4442294
File C:\Users\mirjo\AppData\Local\Programs\Python\Python312\Lib\email\header.py first seen with mtime 1722960150.0
File C:\Users\mirjo\PycharmProjects\djangoProject\.venv\Lib\site-packages\sqlparse\filters\tokens.py first seen with mtime 1724742488.605144
File C:\Users\mirjo\PycharmProjects\djangoProject\.venv\Lib\site-packages\django\contrib\auth\admin.py first seen with mtime 1724742489.7640476
File C:\Users\mirjo\PycharmProjects\djangoProject\.venv\Lib\site-packages\django\core\checks\compatibility\django_4_0.py first seen with mtime 1724742491.2413416
File C:\Users\mirjo\PycharmProjects\djangoProject\.venv\Lib\site-packages\django\middleware\cache.py first seen with mtime 1724742491.434147
File C:\Users\mirjo\AppData\Local\Programs\Python\Python312\DLLs\_ssl.pyd first seen with mtime 1722960196.0
File C:\Users\mirjo\AppData\Local\Programs\Python\Python312\Lib\asyncio\base_futures.py first seen with mtime 1722960150.0
File C:\Users\mirjo\AppData\Local\Programs\Python\Python312\Lib\html\parser.py first seen with mtime 1722960150.0
File C:\Users\mirjo\PycharmProjects\djangoProject\.venv\Lib\site-packages\django\contrib\sessions\models.py first seen with mtime 1724742490.8908148
File C:\Users\mirjo\PycharmProjects\djangoProject\.venv\Lib\site-packages\django\db\models\sql\where.py first seen with mtime 1724742491.3648558
File C:\Users\mirjo\AppData\Local\Programs\Python\Python312\Lib\argparse.py first seen with mtime 1722960150.0
File C:\Users\mirjo\PycharmProjects\djangoProject\.venv\Lib\site-packages\django\core\servers\basehttp.py first seen with mtime 1724742491.2865257
File C:\Users\mirjo\PycharmProjects\djangoProject\.venv\Lib\site-packages\django\middleware\__init__.py first seen with mtime 1724742491.434147
File C:\Users\mirjo\PycharmProjects\djangoProject\.venv\Lib\site-packages\django\views\generic\dates.py first seen with mtime 1724742491.5084555
File C:\Users\mirjo\PycharmProjects\djangoProject\.venv\Lib\site-packages\django\views\generic\base.py first seen with mtime 1724742491.5084555
File C:\Users\mirjo\AppData\Local\Programs\Python\Python312\Lib\logging\__init__.py first seen with mtime 1722960152.0
File C:\Users\mirjo\PycharmProjects\djangoProject\.venv\Lib\site-packages\django\core\files\uploadedfile.py first seen with mtime 1724742491.2483659
File C:\Users\mirjo\AppData\Local\Programs\Python\Python312\Lib\fractions.py first seen with mtime 1722960150.0
File C:\Users\mirjo\PycharmProjects\djangoProject\.venv\Lib\site-packages\django\template\__init__.py first seen with mtime 1724742491.4401958
File C:\Users\mirjo\AppData\Local\Programs\Python\Python312\Lib\heapq.py first seen with mtime 1722960150.0
File C:\Users\mirjo\AppData\Local\Programs\Python\Python312\Lib\re\_casefix.py first seen with mtime 1722960152.0
File C:\Users\mirjo\PycharmProjects\djangoProject\.venv\Lib\site-packages\sqlparse\engine\statement_splitter.py first seen with mtime 1724742488.602152
File C:\Users\mirjo\PycharmProjects\djangoProject\.venv\Lib\site-packages\django\contrib\auth\__init__.py first seen with mtime 1724742489.7640476
File C:\Users\mirjo\AppData\Local\Programs\Python\Python312\Lib\email\mime\multipart.py first seen with mtime 1722960150.0
File C:\Users\mirjo\AppData\Local\Programs\Python\Python312\Lib\inspect.py first seen with mtime 1722960152.0
File C:\Users\mirjo\PycharmProjects\djangoProject\djangoProject\settings.py first seen with mtime 1726229749.304257
File C:\Users\mirjo\PycharmProjects\djangoProject\base\apps.py first seen with mtime 1724744881.5887816
File C:\Users\mirjo\PycharmProjects\djangoProject\.venv\Lib\site-packages\django\core\serializers\__init__.py first seen with mtime 1724742491.282535
File C:\Users\mirjo\PycharmProjects\djangoProject\.venv\Lib\site-packages\django\template\loaders\base.py first seen with mtime 1724742491.454237
File C:\Users\mirjo\PycharmProjects\djangoProject\.venv\Lib\site-packages\django\contrib\contenttypes\checks.py first seen with mtime 1724742489.9292989
File C:\Users\mirjo\PycharmProjects\djangoProject\.venv\Lib\site-packages\django\db\backends\sqlite3\schema.py first seen with mtime 1724742491.3226676
File C:\Users\mirjo\PycharmProjects\djangoProject\.venv\Lib\site-packages\django\apps\__init__.py first seen with mtime 1724742489.038793
File C:\Users\mirjo\AppData\Local\Programs\Python\Python312\Lib\decimal.py first seen with mtime 1722960150.0
File C:\Users\mirjo\PycharmProjects\djangoProject\.venv\Lib\site-packages\django\core\checks\database.py first seen with mtime 1724742491.2363129
File C:\Users\mirjo\PycharmProjects\djangoProject\.venv\Lib\site-packages\django\db\models\functions\window.py first seen with mtime 1724742491.3598673
File C:\Users\mirjo\PycharmProjects\djangoProject\.venv\Lib\site-packages\django\db\backends\base\introspection.py first seen with mtime 1724742491.29358
File C:\Users\mirjo\PycharmProjects\djangoProject\.venv\Lib\site-packages\django\contrib\admin\apps.py first seen with mtime 1724742489.2666774
File C:\Users\mirjo\AppData\Local\Programs\Python\Python312\Lib\json\encoder.py first seen with mtime 1722960152.0
File C:\Users\mirjo\PycharmProjects\djangoProject\.venv\Lib\site-packages\django\template\utils.py first seen with mtime 1724742491.4492166
File C:\Users\mirjo\AppData\Local\Programs\Python\Python312\Lib\email\mime\base.py first seen with mtime 1722960150.0
File C:\Users\mirjo\AppData\Local\Programs\Python\Python312\Lib\statistics.py first seen with mtime 1722960152.0
File C:\Users\mirjo\PycharmProjects\djangoProject\.venv\Lib\site-packages\django\contrib\auth\decorators.py first seen with mtime 1724742489.7680814
File C:\Users\mirjo\PycharmProjects\djangoProject\.venv\Lib\site-packages\django\db\models\deletion.py first seen with mtime 1724742491.3397448
File C:\Users\mirjo\AppData\Local\Programs\Python\Python312\Lib\wsgiref\headers.py first seen with mtime 1722960152.0
File C:\Users\mirjo\PycharmProjects\djangoProject\.venv\Lib\site-packages\django\forms\forms.py first seen with mtime 1724742491.3688836
File C:\Users\mirjo\AppData\Local\Programs\Python\Python312\Lib\zoneinfo\__init__.py first seen with mtime 1722960152.0
File C:\Users\mirjo\AppData\Local\Programs\Python\Python312\Lib\queue.py first seen with mtime 1722960152.0
File C:\Users\mirjo\PycharmProjects\djangoProject\.venv\Lib\site-packages\django\utils\dateformat.py first seen with mtime 1724742491.4743195
File C:\Users\mirjo\PycharmProjects\djangoProject\.venv\Lib\site-packages\django\contrib\messages\constants.py first seen with mtime 1724742490.5379777
File C:\Users\mirjo\AppData\Local\Programs\Python\Python312\Lib\email\quoprimime.py first seen with mtime 1722960150.0
File C:\Users\mirjo\AppData\Local\Programs\Python\Python312\Lib\wsgiref\handlers.py first seen with mtime 1722960152.0
File C:\Users\mirjo\PycharmProjects\djangoProject\.venv\Lib\site-packages\django\apps\config.py first seen with mtime 1724742489.0398269
File C:\Users\mirjo\PycharmProjects\djangoProject\.venv\Lib\site-packages\django\db\backends\base\client.py first seen with mtime 1724742491.2915485
File C:\Users\mirjo\PycharmProjects\djangoProject\.venv\Lib\site-packages\django\conf\__init__.py first seen with mtime 1724742489.040826
File C:\Users\mirjo\PycharmProjects\djangoProject\.venv\Lib\site-packages\django\forms\renderers.py first seen with mtime 1724742491.3708785
File C:\Users\mirjo\AppData\Local\Programs\Python\Python312\Lib\asyncio\timeouts.py first seen with mtime 1722960150.0
File C:\Users\mirjo\AppData\Local\Programs\Python\Python312\DLLs\_zoneinfo.pyd first seen with mtime 1722960196.0
File C:\Users\mirjo\PycharmProjects\djangoProject\.venv\Lib\site-packages\django\utils\asyncio.py first seen with mtime 1724742491.4702861
File C:\Users\mirjo\AppData\Local\Programs\Python\Python312\Lib\json\decoder.py first seen with mtime 1722960152.0
File C:\Users\mirjo\PycharmProjects\djangoProject\.venv\Lib\site-packages\asgiref\current_thread_executor.py first seen with mtime 1724742488.9137938
File C:\Users\mirjo\PycharmProjects\djangoProject\.venv\Lib\site-packages\django\db\backends\sqlite3\client.py first seen with mtime 1724742491.3196762
File C:\Users\mirjo\PycharmProjects\djangoProject\.venv\Lib\site-packages\django\db\models\enums.py first seen with mtime 1724742491.3407397
File C:\Users\mirjo\AppData\Local\Programs\Python\Python312\Lib\email\charset.py first seen with mtime 1722960150.0
File C:\Users\mirjo\PycharmProjects\djangoProject\.venv\Lib\site-packages\django\urls\resolvers.py first seen with mtime 1724742491.467261
File C:\Users\mirjo\PycharmProjects\djangoProject\.venv\Lib\site-packages\django\core\servers\__init__.py first seen with mtime 1724742491.2865257
File C:\Users\mirjo\PycharmProjects\djangoProject\.venv\Lib\site-packages\django\contrib\auth\forms.py first seen with mtime 1724742489.769078
File C:\Users\mirjo\PycharmProjects\djangoProject\.venv\Lib\site-packages\django\db\models\fields\related_descriptors.py first seen with mtime 1724742491.3528054
File C:\Users\mirjo\PycharmProjects\djangoProject\.venv\Lib\site-packages\django\core\files\storage\filesystem.py first seen with mtime 1724742491.2513971
File C:\Users\mirjo\PycharmProjects\djangoProject\.venv\Lib\site-packages\sqlparse\exceptions.py first seen with mtime 1724742488.5981307
File C:\Users\mirjo\PycharmProjects\djangoProject\.venv\Lib\site-packages\django\db\backends\sqlite3\__init__.py first seen with mtime 1724742491.31768
File C:\Users\mirjo\PycharmProjects\djangoProject\.venv\Lib\site-packages\django\db\backends\sqlite3\base.py first seen with mtime 1724742491.3196762
File C:\Users\mirjo\PycharmProjects\djangoProject\.venv\Lib\site-packages\django\contrib\sessions\base_session.py first seen with mtime 1724742490.88877
File C:\Users\mirjo\PycharmProjects\djangoProject\.venv\Lib\site-packages\django\db\migrations\__init__.py first seen with mtime 1724742491.3237052
File C:\Users\mirjo\AppData\Local\Programs\Python\Python312\Lib\subprocess.py first seen with mtime 1722960152.0
File C:\Users\mirjo\PycharmProjects\djangoProject\.venv\Lib\site-packages\django\urls\converters.py first seen with mtime 1724742491.4662645
File C:\Users\mirjo\PycharmProjects\djangoProject\.venv\Lib\site-packages\django\contrib\staticfiles\__init__.py first seen with mtime 1724742491.2110898
File C:\Users\mirjo\PycharmProjects\djangoProject\.venv\Lib\site-packages\django\contrib\contenttypes\models.py first seen with mtime 1724742489.931332
File C:\Users\mirjo\AppData\Local\Programs\Python\Python312\DLLs\_wmi.pyd first seen with mtime 1722960196.0
File C:\Users\mirjo\PycharmProjects\djangoProject\.venv\Lib\site-packages\django\db\models\sql\constants.py first seen with mtime 1724742491.3618639
File C:\Users\mirjo\PycharmProjects\djangoProject\.venv\Lib\site-packages\django\db\models\utils.py first seen with mtime 1724742491.3457735
File C:\Users\mirjo\PycharmProjects\djangoProject\base\admin.py first seen with mtime 1724773483.0711925
File C:\Users\mirjo\PycharmProjects\djangoProject\.venv\Lib\site-packages\django\db\migrations\operations\__init__.py first seen with mtime 1724742491.3317206
File C:\Users\mirjo\AppData\Local\Programs\Python\Python312\Lib\asyncio\runners.py first seen with mtime 1722960150.0
File C:\Users\mirjo\PycharmProjects\djangoProject\.venv\Lib\site-packages\django\apps\registry.py first seen with mtime 1724742489.0398269
File C:\Users\mirjo\AppData\Local\Programs\Python\Python312\Lib\urllib\request.py first seen with mtime 1722960152.0
File C:\Users\mirjo\PycharmProjects\djangoProject\.venv\Lib\site-packages\django\db\backends\sqlite3\operations.py first seen with mtime 1724742491.3216693
File C:\Users\mirjo\AppData\Local\Programs\Python\Python312\Lib\secrets.py first seen with mtime 1722960152.0
File C:\Users\mirjo\PycharmProjects\djangoProject\.venv\Lib\site-packages\django\contrib\staticfiles\checks.py first seen with mtime 1724742491.212087
File C:\Users\mirjo\PycharmProjects\djangoProject\.venv\Lib\site-packages\django\core\mail\message.py first seen with mtime 1724742491.2574277
File C:\Users\mirjo\PycharmProjects\djangoProject\.venv\Lib\site-packages\django\db\models\functions\__init__.py first seen with mtime 1724742491.3548422
File C:\Users\mirjo\PycharmProjects\djangoProject\.venv\Lib\site-packages\django\contrib\messages\__init__.py first seen with mtime 1724742490.5359828
File C:\Users\mirjo\PycharmProjects\djangoProject\.venv\Lib\site-packages\django\db\backends\base\operations.py first seen with mtime 1724742491.29358
File C:\Users\mirjo\AppData\Local\Programs\Python\Python312\DLLs\_hashlib.pyd first seen with mtime 1722960196.0
File C:\Users\mirjo\AppData\Local\Programs\Python\Python312\Lib\lzma.py first seen with mtime 1722960152.0
File C:\Users\mirjo\PycharmProjects\djangoProject\.venv\Lib\site-packages\django\utils\datastructures.py first seen with mtime 1724742491.4732773
File C:\Users\mirjo\AppData\Local\Programs\Python\Python312\Lib\http\client.py first seen with mtime 1722960150.0
File C:\Users\mirjo\PycharmProjects\djangoProject\.venv\Lib\site-packages\django\utils\module_loading.py first seen with mtime 1724742491.486367
File C:\Users\mirjo\PycharmProjects\djangoProject\.venv\Lib\site-packages\django\conf\urls\static.py first seen with mtime 1724742489.2646832
File C:\Users\mirjo\AppData\Local\Programs\Python\Python312\Lib\_markupbase.py first seen with mtime 1722960150.0
File C:\Users\mirjo\PycharmProjects\djangoProject\.venv\Lib\site-packages\django\contrib\auth\views.py first seen with mtime 1724742489.7741032
File C:\Users\mirjo\AppData\Local\Programs\Python\Python312\Lib\asyncio\trsock.py first seen with mtime 1722960150.0
File C:\Users\mirjo\PycharmProjects\djangoProject\.venv\Lib\site-packages\django\contrib\contenttypes\forms.py first seen with mtime 1724742489.930334
File C:\Users\mirjo\AppData\Local\Programs\Python\Python312\Lib\gzip.py first seen with mtime 1722960150.0
File C:\Users\mirjo\PycharmProjects\djangoProject\.venv\Lib\site-packages\django\http\request.py first seen with mtime 1724742491.4321506
File C:\Users\mirjo\PycharmProjects\djangoProject\.venv\Lib\site-packages\django\db\models\fields\proxy.py first seen with mtime 1724742491.35081
File C:\Users\mirjo\PycharmProjects\djangoProject\.venv\Lib\site-packages\django\core\checks\async_checks.py first seen with mtime 1724742491.2353153
File C:\Users\mirjo\PycharmProjects\djangoProject\.venv\Lib\site-packages\django\db\backends\base\features.py first seen with mtime 1724742491.292546
File C:\Users\mirjo\PycharmProjects\djangoProject\.venv\Lib\site-packages\django\forms\boundfield.py first seen with mtime 1724742491.3668897
File C:\Users\mirjo\PycharmProjects\djangoProject\.venv\Lib\site-packages\django\db\models\functions\comparison.py first seen with mtime 1724742491.3558393
File C:\Users\mirjo\PycharmProjects\djangoProject\.venv\Lib\site-packages\django\contrib\contenttypes\admin.py first seen with mtime 1724742489.9283018
File C:\Users\mirjo\PycharmProjects\djangoProject\.venv\Lib\site-packages\django\core\files\images.py first seen with mtime 1724742491.245373
File C:\Users\mirjo\AppData\Local\Programs\Python\Python312\Lib\zoneinfo\_tzpath.py first seen with mtime 1722960152.0
File C:\Users\mirjo\PycharmProjects\djangoProject\.venv\Lib\site-packages\django\core\files\storage\memory.py first seen with mtime 1724742491.2523956
File C:\Users\mirjo\PycharmProjects\djangoProject\.venv\Lib\site-packages\django\templatetags\l10n.py first seen with mtime 1724742491.4572594
File C:\Users\mirjo\PycharmProjects\djangoProject\.venv\Lib\site-packages\django\contrib\sites\shortcuts.py first seen with mtime 1724742491.0675294
File C:\Users\mirjo\AppData\Local\Programs\Python\Python312\Lib\ctypes\__init__.py first seen with mtime 1722960150.0
File C:\Users\mirjo\PycharmProjects\djangoProject\.venv\Lib\site-packages\django\contrib\admin\utils.py first seen with mtime 1724742489.2726994
File C:\Users\mirjo\PycharmProjects\djangoProject\.venv\Lib\site-packages\django\core\management\__init__.py first seen with mtime 1724742491.262415
File C:\Users\mirjo\AppData\Local\Programs\Python\Python312\Lib\quopri.py first seen with mtime 1722960152.0
File C:\Users\mirjo\PycharmProjects\djangoProject\.venv\Lib\site-packages\django\utils\tree.py first seen with mtime 1724742491.4913554
File C:\Users\mirjo\AppData\Local\Programs\Python\Python312\Lib\asyncio\constants.py first seen with mtime 1722960150.0
File C:\Users\mirjo\AppData\Local\Programs\Python\Python312\Lib\concurrent\futures\_base.py first seen with mtime 1722960150.0
File C:\Users\mirjo\AppData\Local\Programs\Python\Python312\Lib\email\mime\text.py first seen with mtime 1722960150.0
File C:\Users\mirjo\PycharmProjects\djangoProject\.venv\Lib\site-packages\django\template\context.py first seen with mtime 1724742491.443187
File C:\Users\mirjo\PycharmProjects\djangoProject\.venv\Lib\site-packages\django\template\backends\__init__.py first seen with mtime 1724742491.4502468
File C:\Users\mirjo\AppData\Local\Programs\Python\Python312\Lib\copy.py first seen with mtime 1722960150.0
File C:\Users\mirjo\AppData\Local\Programs\Python\Python312\Lib\multiprocessing\reduction.py first seen with mtime 1722960152.0
File C:\Users\mirjo\PycharmProjects\djangoProject\.venv\Lib\site-packages\django\urls\__init__.py first seen with mtime 1724742491.464269
File C:\Users\mirjo\PycharmProjects\djangoProject\.venv\Lib\site-packages\django\contrib\admin\filters.py first seen with mtime 1724742489.2687082
File C:\Users\mirjo\PycharmProjects\djangoProject\.venv\Lib\site-packages\django\views\debug.py first seen with mtime 1724742491.4984348
File C:\Users\mirjo\AppData\Local\Programs\Python\Python312\Lib\email\utils.py first seen with mtime 1722960150.0
File C:\Users\mirjo\AppData\Local\Programs\Python\Python312\DLLs\_overlapped.pyd first seen with mtime 1722960196.0
File C:\Users\mirjo\PycharmProjects\djangoProject\.venv\Lib\site-packages\django\conf\urls\__init__.py first seen with mtime 1724742489.263686
File C:\Users\mirjo\AppData\Local\Programs\Python\Python312\Lib\wsgiref\util.py first seen with mtime 1722960152.0
File C:\Users\mirjo\PycharmProjects\djangoProject\.venv\Lib\site-packages\django\core\checks\model_checks.py first seen with mtime 1724742491.238308
File C:\Users\mirjo\AppData\Local\Programs\Python\Python312\Lib\asyncio\staggered.py first seen with mtime 1722960150.0
File C:\Users\mirjo\PycharmProjects\djangoProject\.venv\Lib\site-packages\django\db\models\fields\related.py first seen with mtime 1724742491.351808
File C:\Users\mirjo\AppData\Local\Programs\Python\Python312\Lib\email\__init__.py first seen with mtime 1722960150.0
File C:\Users\mirjo\PycharmProjects\djangoProject\.venv\Lib\site-packages\django\core\mail\__init__.py first seen with mtime 1724742491.256384
File C:\Users\mirjo\PycharmProjects\djangoProject\.venv\Lib\site-packages\sqlparse\lexer.py first seen with mtime 1724742488.599128
File C:\Users\mirjo\PycharmProjects\djangoProject\.venv\Lib\site-packages\django\contrib\auth\hashers.py first seen with mtime 1724742489.769078
File C:\Users\mirjo\PycharmProjects\djangoProject\.venv\Lib\site-packages\django\contrib\admin\templatetags\admin_modify.py first seen with mtime 1724742489.5981092
File C:\Users\mirjo\PycharmProjects\djangoProject\.venv\Lib\site-packages\django\template\library.py first seen with mtime 1724742491.4462252
File C:\Users\mirjo\PycharmProjects\djangoProject\.venv\Lib\site-packages\django\utils\_os.py first seen with mtime 1724742491.4692888
File C:\Users\mirjo\AppData\Local\Programs\Python\Python312\Lib\asyncio\coroutines.py first seen with mtime 1722960150.0
File C:\Users\mirjo\PycharmProjects\djangoProject\.venv\Lib\site-packages\django\utils\__init__.py first seen with mtime 1724742491.4682906
File C:\Users\mirjo\AppData\Local\Programs\Python\Python312\Lib\http\cookies.py first seen with mtime 1722960150.0
File C:\Users\mirjo\PycharmProjects\djangoProject\.venv\Lib\site-packages\django\core\checks\translation.py first seen with mtime 1724742491.2393458
File C:\Users\mirjo\PycharmProjects\djangoProject\.venv\Lib\site-packages\django\dispatch\dispatcher.py first seen with mtime 1724742491.3658912
File C:\Users\mirjo\PycharmProjects\djangoProject\.venv\Lib\site-packages\asgiref\__init__.py first seen with mtime 1724742488.9127574
File C:\Users\mirjo\PycharmProjects\djangoProject\.venv\Lib\site-packages\django\contrib\admin\widgets.py first seen with mtime 1724742489.2726994
File C:\Users\mirjo\PycharmProjects\djangoProject\.venv\Lib\site-packages\django\conf\global_settings.py first seen with mtime 1724742489.0418239
File C:\Users\mirjo\AppData\Local\Programs\Python\Python312\Lib\asyncio\__init__.py first seen with mtime 1722960150.0
File C:\Users\mirjo\PycharmProjects\djangoProject\.venv\Lib\site-packages\django\core\files\storage\__init__.py first seen with mtime 1724742491.2503603
File C:\Users\mirjo\AppData\Local\Programs\Python\Python312\Lib\encodings\utf_8.py first seen with mtime 1722960150.0
File C:\Users\mirjo\PycharmProjects\djangoProject\.venv\Lib\site-packages\django\utils\inspect.py first seen with mtime 1724742491.4823415
File C:\Users\mirjo\AppData\Local\Programs\Python\Python312\Lib\email\mime\__init__.py first seen with mtime 1722960150.0
File C:\Users\mirjo\PycharmProjects\djangoProject\.venv\Lib\site-packages\django\utils\lorem_ipsum.py first seen with mtime 1724742491.4853334
File C:\Users\mirjo\AppData\Local\Programs\Python\Python312\Lib\dis.py first seen with mtime 1722960150.0
File C:\Users\mirjo\PycharmProjects\djangoProject\.venv\Lib\site-packages\django\contrib\contenttypes\apps.py first seen with mtime 1724742489.9292989
File C:\Users\mirjo\PycharmProjects\djangoProject\.venv\Lib\site-packages\django\templatetags\static.py first seen with mtime 1724742491.4582567
File C:\Users\mirjo\PycharmProjects\djangoProject\.venv\Lib\site-packages\django\core\checks\urls.py first seen with mtime 1724742491.2403443
File C:\Users\mirjo\PycharmProjects\djangoProject\.venv\Lib\site-packages\django\middleware\security.py first seen with mtime 1724742491.4401958
File C:\Users\mirjo\PycharmProjects\djangoProject\.venv\Lib\site-packages\django\utils\decorators.py first seen with mtime 1724742491.4763148
File C:\Users\mirjo\PycharmProjects\djangoProject\.venv\Lib\site-packages\django\contrib\staticfiles\utils.py first seen with mtime 1724742491.2182233
File C:\Users\mirjo\AppData\Local\Programs\Python\Python312\Lib\asyncio\selector_events.py first seen with mtime 1722960150.0
File C:\Users\mirjo\PycharmProjects\djangoProject\.venv\Lib\site-packages\django\contrib\admin\views\__init__.py first seen with mtime 1724742489.600119
File C:\Users\mirjo\AppData\Local\Programs\Python\Python312\Lib\email\_encoded_words.py first seen with mtime 1722960150.0
File C:\Users\mirjo\PycharmProjects\djangoProject\.venv\Lib\site-packages\django\contrib\admin\decorators.py first seen with mtime 1724742489.2676735
File C:\Users\mirjo\AppData\Local\Programs\Python\Python312\Lib\bisect.py first seen with mtime 1722960150.0
File C:\Users\mirjo\AppData\Local\Programs\Python\Python312\Lib\linecache.py first seen with mtime 1722960152.0
File C:\Users\mirjo\PycharmProjects\djangoProject\.venv\Lib\site-packages\django\utils\safestring.py first seen with mtime 1724742491.4873655
File C:\Users\mirjo\PycharmProjects\djangoProject\.venv\Lib\site-packages\django\db\backends\sqlite3\introspection.py first seen with mtime 1724742491.3216693
File C:\Users\mirjo\PycharmProjects\djangoProject\.venv\Lib\site-packages\django\db\backends\sqlite3\creation.py first seen with mtime 1724742491.320673
File C:\Users\mirjo\AppData\Local\Programs\Python\Python312\Lib\email\policy.py first seen with mtime 1722960150.0
File C:\Users\mirjo\AppData\Local\Programs\Python\Python312\Lib\hmac.py first seen with mtime 1722960150.0
File C:\Users\mirjo\PycharmProjects\djangoProject\.venv\Lib\site-packages\django\forms\utils.py first seen with mtime 1724742491.3719144
File C:\Users\mirjo\PycharmProjects\djangoProject\.venv\Lib\site-packages\django\contrib\staticfiles\management\commands\__init__.py first seen with mtime 1724742491.220219
File C:\Users\mirjo\AppData\Local\Programs\Python\Python312\Lib\sysconfig.py first seen with mtime 1722960152.0
File C:\Users\mirjo\PycharmProjects\djangoProject\.venv\Lib\site-packages\django\db\migrations\operations\special.py first seen with mtime 1724742491.334713
File C:\Users\mirjo\AppData\Local\Programs\Python\Python312\Lib\contextvars.py first seen with mtime 1722960150.0
File C:\Users\mirjo\PycharmProjects\djangoProject\.venv\Lib\site-packages\django\views\__init__.py first seen with mtime 1724742491.4974027
File C:\Users\mirjo\PycharmProjects\djangoProject\.venv\Lib\site-packages\django\db\models\signals.py first seen with mtime 1724742491.3457735
File C:\Users\mirjo\AppData\Local\Programs\Python\Python312\Lib\asyncio\base_events.py first seen with mtime 1722960150.0
File C:\Users\mirjo\AppData\Local\Programs\Python\Python312\Lib\base64.py first seen with mtime 1722960150.0
File C:\Users\mirjo\AppData\Local\Programs\Python\Python312\DLLs\_bz2.pyd first seen with mtime 1722960196.0
File C:\Users\mirjo\PycharmProjects\djangoProject\.venv\Lib\site-packages\django\db\models\constraints.py first seen with mtime 1724742491.3387458
File C:\Users\mirjo\PycharmProjects\djangoProject\djangoProject\__init__.py first seen with mtime 1724742501.0400944
File C:\Users\mirjo\AppData\Local\Programs\Python\Python312\Lib\selectors.py first seen with mtime 1722960152.0
File C:\Users\mirjo\AppData\Local\Programs\Python\Python312\Lib\asyncio\base_subprocess.py first seen with mtime 1722960150.0
File C:\Users\mirjo\PycharmProjects\djangoProject\.venv\Lib\site-packages\django\utils\duration.py first seen with mtime 1724742491.4773126
File C:\Users\mirjo\PycharmProjects\djangoProject\.venv\Lib\site-packages\django\db\models\sql\subqueries.py first seen with mtime 1724742491.363858
File C:\Users\mirjo\AppData\Local\Programs\Python\Python312\Lib\zoneinfo\_common.py first seen with mtime 1722960152.0
File C:\Users\mirjo\PycharmProjects\djangoProject\.venv\Lib\site-packages\sqlparse\__init__.py first seen with mtime 1724742488.5971313
File C:\Users\mirjo\PycharmProjects\djangoProject\.venv\Lib\site-packages\django\contrib\sessions\apps.py first seen with mtime 1724742490.8877726
File C:\Users\mirjo\PycharmProjects\djangoProject\.venv\Lib\site-packages\sqlparse\engine\grouping.py first seen with mtime 1724742488.602152
File C:\Users\mirjo\AppData\Local\Programs\Python\Python312\Lib\concurrent\__init__.py first seen with mtime 1722960150.0
File C:\Users\mirjo\PycharmProjects\djangoProject\djangoProject\urls.py first seen with mtime 1726229106.508882
File C:\Users\mirjo\AppData\Local\Programs\Python\Python312\Lib\email\_header_value_parser.py first seen with mtime 1722960150.0
File C:\Users\mirjo\PycharmProjects\djangoProject\.venv\Lib\site-packages\django\views\csrf.py first seen with mtime 1724742491.4974027
File C:\Users\mirjo\AppData\Local\Programs\Python\Python312\Lib\threading.py first seen with mtime 1722960152.0
File C:\Users\mirjo\AppData\Local\Programs\Python\Python312\Lib\email\generator.py first seen with mtime 1722960150.0
File C:\Users\mirjo\PycharmProjects\djangoProject\.venv\Lib\site-packages\django\core\checks\caches.py first seen with mtime 1724742491.2363129
File C:\Users\mirjo\PycharmProjects\djangoProject\.venv\Lib\site-packages\django\template\response.py first seen with mtime 1724742491.44822
File C:\Users\mirjo\PycharmProjects\djangoProject\.venv\Lib\site-packages\django\core\checks\security\base.py first seen with mtime 1724742491.2423382
File C:\Users\mirjo\PycharmProjects\djangoProject\.venv\Lib\site-packages\django\db\models\functions\mixins.py first seen with mtime 1724742491.3578348
File C:\Users\mirjo\PycharmProjects\djangoProject\.venv\Lib\site-packages\django\contrib\admin\__init__.py first seen with mtime 1724742489.2656791
File C:\Users\mirjo\PycharmProjects\djangoProject\.venv\Lib\site-packages\sqlparse\filters\right_margin.py first seen with mtime 1724742488.605144
File C:\Users\mirjo\AppData\Local\Programs\Python\Python312\Lib\http\__init__.py first seen with mtime 1722960150.0
File C:\Users\mirjo\PycharmProjects\djangoProject\.venv\Lib\site-packages\django\contrib\admin\templatetags\log.py first seen with mtime 1724742489.5991066
File C:\Users\mirjo\PycharmProjects\djangoProject\.venv\Lib\site-packages\django\core\checks\compatibility\__init__.py first seen with mtime 1724742491.2413416
File C:\Users\mirjo\PycharmProjects\djangoProject\.venv\Lib\site-packages\django\db\migrations\operations\base.py first seen with mtime 1724742491.3327177
File C:\Users\mirjo\AppData\Local\Programs\Python\Python312\Lib\email\contentmanager.py first seen with mtime 1722960150.0
File C:\Users\mirjo\PycharmProjects\djangoProject\.venv\Lib\site-packages\django\contrib\auth\apps.py first seen with mtime 1724742489.7650454
File C:\Users\mirjo\PycharmProjects\djangoProject\.venv\Lib\site-packages\django\db\models\functions\datetime.py first seen with mtime 1724742491.3568382
File C:\Users\mirjo\AppData\Local\Programs\Python\Python312\Lib\email\iterators.py first seen with mtime 1722960150.0
File C:\Users\mirjo\PycharmProjects\djangoProject\.venv\Lib\site-packages\django\contrib\admin\checks.py first seen with mtime 1724742489.2676735
File C:\Users\mirjo\PycharmProjects\djangoProject\.venv\Lib\site-packages\django\core\checks\templates.py first seen with mtime 1724742491.2393458
File C:\Users\mirjo\PycharmProjects\djangoProject\.venv\Lib\site-packages\django\db\migrations\operations\models.py first seen with mtime 1724742491.3337176
File C:\Users\mirjo\PycharmProjects\djangoProject\.venv\Lib\site-packages\django\contrib\auth\management\__init__.py first seen with mtime 1724742489.9182882
File C:\Users\mirjo\PycharmProjects\djangoProject\.venv\Lib\site-packages\django\templatetags\__init__.py first seen with mtime 1724742491.4562616
File C:\Users\mirjo\PycharmProjects\djangoProject\.venv\Lib\site-packages\sqlparse\filters\others.py first seen with mtime 1724742488.6041467
File C:\Users\mirjo\PycharmProjects\djangoProject\.venv\Lib\site-packages\django\contrib\admin\templatetags\base.py first seen with mtime 1724742489.5991066
File C:\Users\mirjo\PycharmProjects\djangoProject\.venv\Lib\site-packages\django\utils\termcolors.py first seen with mtime 1724742491.4883623
File C:\Users\mirjo\AppData\Local\Programs\Python\Python312\Lib\email\mime\message.py first seen with mtime 1722960150.0
File C:\Users\mirjo\PycharmProjects\djangoProject\.venv\Lib\site-packages\django\views\generic\detail.py first seen with mtime 1724742491.5094526
File C:\Users\mirjo\PycharmProjects\djangoProject\.venv\Lib\site-packages\django\contrib\admin\views\main.py first seen with mtime 1724742489.6011374
File C:\Users\mirjo\PycharmProjects\djangoProject\.venv\Lib\site-packages\django\views\generic\__init__.py first seen with mtime 1724742491.5074615
File C:\Users\mirjo\PycharmProjects\djangoProject\.venv\Lib\site-packages\django\utils\cache.py first seen with mtime 1724742491.4712832
File C:\Users\mirjo\PycharmProjects\djangoProject\.venv\Lib\site-packages\django\contrib\admin\views\autocomplete.py first seen with mtime 1724742489.6001399
File C:\Users\mirjo\PycharmProjects\djangoProject\.venv\Lib\site-packages\django\core\checks\registry.py first seen with mtime 1724742491.238308
File C:\Users\mirjo\PycharmProjects\djangoProject\.venv\Lib\site-packages\django\db\backends\base\validation.py first seen with mtime 1724742491.2955759
File C:\Users\mirjo\AppData\Local\Programs\Python\Python312\Lib\urllib\parse.py first seen with mtime 1722960152.0
File C:\Users\mirjo\AppData\Local\Programs\Python\Python312\Lib\json\scanner.py first seen with mtime 1722960152.0
File C:\Users\mirjo\AppData\Local\Programs\Python\Python312\Lib\mimetypes.py first seen with mtime 1722960152.0
File C:\Users\mirjo\AppData\Local\Programs\Python\Python312\Lib\re\_parser.py first seen with mtime 1722960152.0
File C:\Users\mirjo\PycharmProjects\djangoProject\.venv\Lib\site-packages\django\contrib\admin\templatetags\admin_list.py first seen with mtime 1724742489.5971124
File C:\Users\mirjo\PycharmProjects\djangoProject\.venv\Lib\site-packages\django\core\serializers\json.py first seen with mtime 1724742491.2835329
File C:\Users\mirjo\PycharmProjects\djangoProject\.venv\Lib\site-packages\django\contrib\staticfiles\views.py first seen with mtime 1724742491.2182233
File C:\Users\mirjo\PycharmProjects\djangoProject\.venv\Lib\site-packages\django\db\backends\__init__.py first seen with mtime 1724742491.2885566
File C:\Users\mirjo\PycharmProjects\djangoProject\.venv\Lib\site-packages\django\templatetags\tz.py first seen with mtime 1724742491.4582567
File C:\Users\mirjo\PycharmProjects\djangoProject\.venv\Lib\site-packages\django\core\mail\utils.py first seen with mtime 1724742491.2574277
File C:\Users\mirjo\PycharmProjects\djangoProject\.venv\Lib\site-packages\django\utils\connection.py first seen with mtime 1724742491.472281
File C:\Users\mirjo\PycharmProjects\djangoProject\.venv\Lib\site-packages\django\utils\functional.py first seen with mtime 1724742491.4803455
File C:\Users\mirjo\AppData\Local\Programs\Python\Python312\Lib\ssl.py first seen with mtime 1722960152.0
File C:\Users\mirjo\PycharmProjects\djangoProject\.venv\Lib\site-packages\django\template\defaulttags.py first seen with mtime 1724742491.4452276
File C:\Users\mirjo\PycharmProjects\djangoProject\.venv\Lib\site-packages\django\utils\deconstruct.py first seen with mtime 1724742491.4763148
File C:\Users\mirjo\AppData\Local\Programs\Python\Python312\DLLs\_asyncio.pyd first seen with mtime 1722960196.0
File C:\Users\mirjo\PycharmProjects\djangoProject\.venv\Lib\site-packages\django\db\backends\sqlite3\features.py first seen with mtime 1724742491.320673
File C:\Users\mirjo\PycharmProjects\djangoProject\.venv\Lib\site-packages\django\core\signing.py first seen with mtime 1724742491.2282965
File C:\Users\mirjo\AppData\Local\Programs\Python\Python312\Lib\email\mime\nonmultipart.py first seen with mtime 1722960150.0
File C:\Users\mirjo\PycharmProjects\djangoProject\.venv\Lib\site-packages\django\template\loaders\filesystem.py first seen with mtime 1724742491.4552338
File C:\Users\mirjo\PycharmProjects\djangoProject\.venv\Lib\site-packages\django\core\handlers\exception.py first seen with mtime 1724742491.255388
File C:\Users\mirjo\PycharmProjects\djangoProject\.venv\Lib\site-packages\django\db\__init__.py first seen with mtime 1724742491.2875588
File C:\Users\mirjo\AppData\Local\Programs\Python\Python312\Lib\asyncio\exceptions.py first seen with mtime 1722960150.0
File C:\Users\mirjo\PycharmProjects\djangoProject\.venv\Lib\site-packages\django\middleware\csrf.py first seen with mtime 1724742491.4361408
File C:\Users\mirjo\PycharmProjects\djangoProject\.venv\Lib\site-packages\django\utils\deprecation.py first seen with mtime 1724742491.4773126
File C:\Users\mirjo\PycharmProjects\djangoProject\.venv\Lib\site-packages\django\contrib\auth\backends.py first seen with mtime 1724742489.766042
File C:\Users\mirjo\PycharmProjects\djangoProject\.venv\Lib\site-packages\django\core\validators.py first seen with mtime 1724742491.2292953
File C:\Users\mirjo\AppData\Local\Programs\Python\Python312\Lib\calendar.py first seen with mtime 1722960150.0
File C:\Users\mirjo\AppData\Local\Programs\Python\Python312\Lib\graphlib.py first seen with mtime 1722960150.0
File C:\Users\mirjo\PycharmProjects\djangoProject\.venv\Lib\site-packages\django\forms\models.py first seen with mtime 1724742491.3708785
File C:\Users\mirjo\AppData\Local\Programs\Python\Python312\Lib\enum.py first seen with mtime 1722960150.0
File C:\Users\mirjo\PycharmProjects\djangoProject\.venv\Lib\site-packages\sqlparse\engine\__init__.py first seen with mtime 1724742488.6011546
File C:\Users\mirjo\PycharmProjects\djangoProject\.venv\Lib\site-packages\django\utils\regex_helper.py first seen with mtime 1724742491.4873655
File C:\Users\mirjo\AppData\Local\Programs\Python\Python312\Lib\ipaddress.py first seen with mtime 1722960152.0
File C:\Users\mirjo\AppData\Local\Programs\Python\Python312\Lib\pprint.py first seen with mtime 1722960152.0
File C:\Users\mirjo\PycharmProjects\djangoProject\.venv\Lib\site-packages\django\utils\numberformat.py first seen with mtime 1724742491.486367
File C:\Users\mirjo\PycharmProjects\djangoProject\.venv\Lib\site-packages\django\contrib\messages\apps.py first seen with mtime 1724742490.5369804
File C:\Users\mirjo\PycharmProjects\djangoProject\.venv\Lib\site-packages\django\forms\__init__.py first seen with mtime 1724742491.3668897
File C:\Users\mirjo\PycharmProjects\djangoProject\.venv\Lib\site-packages\sqlparse\engine\filter_stack.py first seen with mtime 1724742488.602152
File C:\Users\mirjo\PycharmProjects\djangoProject\.venv\Lib\site-packages\django\contrib\contenttypes\views.py first seen with mtime 1724742489.9323301
File C:\Users\mirjo\PycharmProjects\djangoProject\.venv\Lib\site-packages\asgiref\sync.py first seen with mtime 1724742488.9157887
File C:\Users\mirjo\PycharmProjects\djangoProject\.venv\Lib\site-packages\django\core\files\uploadhandler.py first seen with mtime 1724742491.2483659
File C:\Users\mirjo\AppData\Local\Programs\Python\Python312\Lib\pkgutil.py first seen with mtime 1722960152.0
File C:\Users\mirjo\PycharmProjects\djangoProject\.venv\Lib\site-packages\django\contrib\admin\templatetags\__init__.py first seen with mtime 1724742489.5961146
File C:\Users\mirjo\AppData\Local\Programs\Python\Python312\Lib\pathlib.py first seen with mtime 1722960152.0
File C:\Users\mirjo\AppData\Local\Programs\Python\Python312\Lib\collections\abc.py first seen with mtime 1722960150.0
File C:\Users\mirjo\PycharmProjects\djangoProject\.venv\Lib\site-packages\django\views\decorators\__init__.py first seen with mtime 1724742491.5014288
File C:\Users\mirjo\AppData\Local\Programs\Python\Python312\DLLs\_decimal.pyd first seen with mtime 1722960196.0
File C:\Users\mirjo\PycharmProjects\djangoProject\.venv\Lib\site-packages\django\core\__init__.py first seen with mtime 1724742491.225257
File C:\Users\mirjo\AppData\Local\Programs\Python\Python312\Lib\wsgiref\simple_server.py first seen with mtime 1722960152.0
File C:\Users\mirjo\AppData\Local\Programs\Python\Python312\Lib\sqlite3\__init__.py first seen with mtime 1722960152.0
File C:\Users\mirjo\PycharmProjects\djangoProject\.venv\Lib\site-packages\django\db\migrations\state.py first seen with mtime 1724742491.3297255
File C:\Users\mirjo\PycharmProjects\djangoProject\.venv\Lib\site-packages\django\utils\encoding.py first seen with mtime 1724742491.4783106
File C:\Users\mirjo\AppData\Local\Programs\Python\Python312\Lib\email\_parseaddr.py first seen with mtime 1722960150.0
File C:\Users\mirjo\PycharmProjects\djangoProject\.venv\Lib\site-packages\django\core\files\storage\base.py first seen with mtime 1724742491.2503603
File C:\Users\mirjo\AppData\Local\Programs\Python\Python312\Lib\html\__init__.py first seen with mtime 1722960150.0
File C:\Users\mirjo\AppData\Local\Programs\Python\Python312\Lib\ctypes\_endian.py first seen with mtime 1722960150.0
File C:\Users\mirjo\PycharmProjects\djangoProject\.venv\Lib\site-packages\django\db\models\sql\__init__.py first seen with mtime 1724742491.3598673
File C:\Users\mirjo\PycharmProjects\djangoProject\.venv\Lib\site-packages\django\contrib\admin\options.py first seen with mtime 1724742489.2707043
File C:\Users\mirjo\PycharmProjects\djangoProject\.venv\Lib\site-packages\django\db\models\__init__.py first seen with mtime 1724742491.3357525
File C:\Users\mirjo\AppData\Local\Programs\Python\Python312\Lib\email\parser.py first seen with mtime 1722960150.0
File C:\Users\mirjo\PycharmProjects\djangoProject\.venv\Lib\site-packages\django\contrib\messages\storage\base.py first seen with mtime 1724742490.5410187
File C:\Users\mirjo\PycharmProjects\djangoProject\.venv\Lib\site-packages\django\http\multipartparser.py first seen with mtime 1724742491.4311163
File C:\Users\mirjo\PycharmProjects\djangoProject\.venv\Lib\site-packages\django\core\handlers\base.py first seen with mtime 1724742491.2543907
File C:\Users\mirjo\AppData\Local\Programs\Python\Python312\Lib\token.py first seen with mtime 1722960152.0
File C:\Users\mirjo\PycharmProjects\djangoProject\.venv\Lib\site-packages\django\contrib\contenttypes\__init__.py first seen with mtime 1724742489.9283018
File C:\Users\mirjo\PycharmProjects\djangoProject\.venv\Lib\site-packages\django\views\decorators\csrf.py first seen with mtime 1724742491.504465
File C:\Users\mirjo\PycharmProjects\djangoProject\.venv\Lib\site-packages\django\core\cache\utils.py first seen with mtime 1724742491.2302911
File C:\Users\mirjo\PycharmProjects\djangoProject\.venv\Lib\site-packages\django\db\models\fields\__init__.py first seen with mtime 1724742491.3478172
File C:\Users\mirjo\PycharmProjects\djangoProject\.venv\Lib\site-packages\django\views\decorators\cache.py first seen with mtime 1724742491.5024245
File C:\Users\mirjo\PycharmProjects\djangoProject\.venv\Lib\site-packages\django\core\checks\security\csrf.py first seen with mtime 1724742491.243336
File C:\Users\mirjo\PycharmProjects\djangoProject\.venv\Lib\site-packages\django\contrib\auth\signals.py first seen with mtime 1724742489.772071
File C:\Users\mirjo\AppData\Local\Programs\Python\Python312\Lib\email\feedparser.py first seen with mtime 1722960150.0
File C:\Users\mirjo\PycharmProjects\djangoProject\.venv\Lib\site-packages\django\utils\choices.py first seen with mtime 1724742491.472281
File C:\Users\mirjo\PycharmProjects\djangoProject\.venv\Lib\site-packages\django\core\checks\security\sessions.py first seen with mtime 1724742491.2443335
File C:\Users\mirjo\PycharmProjects\djangoProject\.venv\Lib\site-packages\django\db\backends\utils.py first seen with mtime 1724742491.290552
File C:\Users\mirjo\PycharmProjects\djangoProject\.venv\Lib\site-packages\django\core\files\storage\handler.py first seen with mtime 1724742491.2513971
File C:\Users\mirjo\AppData\Local\Programs\Python\Python312\Lib\re\__init__.py first seen with mtime 1722960152.0
File C:\Users\mirjo\PycharmProjects\djangoProject\manage.py first seen with mtime 1724742500.8695512
File C:\Users\mirjo\AppData\Local\Programs\Python\Python312\Lib\keyword.py first seen with mtime 1722960152.0
File C:\Users\mirjo\PycharmProjects\djangoProject\.venv\Lib\site-packages\django\utils\ipv6.py first seen with mtime 1724742491.483338
File C:\Users\mirjo\AppData\Local\Programs\Python\Python312\Lib\operator.py first seen with mtime 1722960152.0
File C:\Users\mirjo\PycharmProjects\djangoProject\.venv\Lib\site-packages\django\db\models\fields\reverse_related.py first seen with mtime 1724742491.3538437
File C:\Users\mirjo\PycharmProjects\djangoProject\.venv\Lib\site-packages\django\core\cache\backends\__init__.py first seen with mtime 1724742491.2302911
File C:\Users\mirjo\AppData\Local\Programs\Python\Python312\Lib\pickle.py first seen with mtime 1722960152.0
File C:\Users\mirjo\AppData\Local\Programs\Python\Python312\Lib\socketserver.py first seen with mtime 1722960152.0
File C:\Users\mirjo\PycharmProjects\djangoProject\base\models.py first seen with mtime 1724773372.2086587
File C:\Users\mirjo\AppData\Local\Programs\Python\Python312\Lib\contextlib.py first seen with mtime 1722960150.0
File C:\Users\mirjo\AppData\Local\Programs\Python\Python312\Lib\asyncio\subprocess.py first seen with mtime 1722960150.0
File C:\Users\mirjo\AppData\Local\Programs\Python\Python312\Lib\tokenize.py first seen with mtime 1722960152.0
File C:\Users\mirjo\AppData\Local\Programs\Python\Python312\Lib\asyncio\events.py first seen with mtime 1722960150.0
File C:\Users\mirjo\AppData\Local\Programs\Python\Python312\Lib\reprlib.py first seen with mtime 1722960152.0
File C:\Users\mirjo\AppData\Local\Programs\Python\Python312\Lib\multiprocessing\context.py first seen with mtime 1722960152.0
File C:\Users\mirjo\PycharmProjects\djangoProject\.venv\Lib\site-packages\sqlparse\tokens.py first seen with mtime 1724742488.6001573
File C:\Users\mirjo\AppData\Local\Programs\Python\Python312\Lib\asyncio\format_helpers.py first seen with mtime 1722960150.0
File C:\Users\mirjo\PycharmProjects\djangoProject\.venv\Lib\site-packages\django\contrib\admin\helpers.py first seen with mtime 1724742489.269706
File C:\Users\mirjo\PycharmProjects\djangoProject\.venv\Lib\site-packages\django\forms\formsets.py first seen with mtime 1724742491.369882
File C:\Users\mirjo\AppData\Local\Programs\Python\Python312\Lib\email\base64mime.py first seen with mtime 1722960150.0
File C:\Users\mirjo\PycharmProjects\djangoProject\.venv\Lib\site-packages\django\db\backends\base\schema.py first seen with mtime 1724742491.294578
File C:\Users\mirjo\PycharmProjects\djangoProject\.venv\Lib\site-packages\django\contrib\admin\models.py first seen with mtime 1724742489.2707043
File C:\Users\mirjo\AppData\Local\Programs\Python\Python312\Lib\asyncio\taskgroups.py first seen with mtime 1722960150.0
File C:\Users\mirjo\PycharmProjects\djangoProject\.venv\Lib\site-packages\django\db\models\fields\files.py first seen with mtime 1724742491.3478172
File C:\Users\mirjo\PycharmProjects\djangoProject\.venv\Lib\site-packages\django\utils\html.py first seen with mtime 1724742491.481349
File C:\Users\mirjo\AppData\Local\Programs\Python\Python312\Lib\importlib\_abc.py first seen with mtime 1722960152.0
File C:\Users\mirjo\AppData\Local\Programs\Python\Python312\Lib\fnmatch.py first seen with mtime 1722960150.0
File C:\Users\mirjo\AppData\Local\Programs\Python\Python312\Lib\uuid.py first seen with mtime 1722960152.0
File C:\Users\mirjo\AppData\Local\Programs\Python\Python312\Lib\email\errors.py first seen with mtime 1722960150.0
File C:\Users\mirjo\AppData\Local\Programs\Python\Python312\Lib\functools.py first seen with mtime 1722960150.0
File C:\Users\mirjo\PycharmProjects\djangoProject\.venv\Lib\site-packages\django\views\decorators\debug.py first seen with mtime 1724742491.504465
File C:\Users\mirjo\AppData\Local\Programs\Python\Python312\DLLs\_queue.pyd first seen with mtime 1722960196.0
File C:\Users\mirjo\AppData\Local\Programs\Python\Python312\Lib\bz2.py first seen with mtime 1722960150.0
File C:\Users\mirjo\PycharmProjects\djangoProject\.venv\Lib\site-packages\django\utils\timesince.py first seen with mtime 1724742491.4903567
File C:\Users\mirjo\PycharmProjects\djangoProject\.venv\Lib\site-packages\django\http\response.py first seen with mtime 1724742491.4331486
File C:\Users\mirjo\AppData\Local\Programs\Python\Python312\DLLs\_sqlite3.pyd first seen with mtime 1722960196.0
File C:\Users\mirjo\PycharmProjects\djangoProject\.venv\Lib\site-packages\django\db\models\aggregates.py first seen with mtime 1724742491.3357525
File C:\Users\mirjo\PycharmProjects\djangoProject\.venv\Lib\site-packages\django\template\loaders\__init__.py first seen with mtime 1724742491.45324
File C:\Users\mirjo\AppData\Local\Programs\Python\Python312\DLLs\unicodedata.pyd first seen with mtime 1722960196.0
File C:\Users\mirjo\AppData\Local\Programs\Python\Python312\Lib\urllib\error.py first seen with mtime 1722960152.0
File C:\Users\mirjo\PycharmProjects\djangoProject\.venv\Lib\site-packages\django\db\models\lookups.py first seen with mtime 1724742491.3417826
File C:\Users\mirjo\PycharmProjects\djangoProject\.venv\Lib\site-packages\django\contrib\staticfiles\finders.py first seen with mtime 1724742491.2130854
File C:\Users\mirjo\PycharmProjects\djangoProject\.venv\Lib\site-packages\django\core\handlers\asgi.py first seen with mtime 1724742491.2543907
File C:\Users\mirjo\PycharmProjects\djangoProject\.venv\Lib\site-packages\django\core\serializers\python.py first seen with mtime 1724742491.2845304
File C:\Users\mirjo\AppData\Local\Programs\Python\Python312\Lib\asyncio\windows_utils.py first seen with mtime 1722960150.0
File C:\Users\mirjo\PycharmProjects\djangoProject\.venv\Lib\site-packages\django\db\models\base.py first seen with mtime 1724742491.3367515
File C:\Users\mirjo\PycharmProjects\djangoProject\.venv\Lib\site-packages\django\core\exceptions.py first seen with mtime 1724742491.2262554
File C:\Users\mirjo\PycharmProjects\djangoProject\.venv\Lib\site-packages\django\templatetags\i18n.py first seen with mtime 1724742491.4572594
File C:\Users\mirjo\PycharmProjects\djangoProject\.venv\Lib\site-packages\django\db\transaction.py first seen with mtime 1724742491.2875588
File C:\Users\mirjo\AppData\Local\Programs\Python\Python312\Lib\typing.py first seen with mtime 1722960152.0
File C:\Users\mirjo\AppData\Local\Programs\Python\Python312\Lib\platform.py first seen with mtime 1722960152.0
File C:\Users\mirjo\AppData\Local\Programs\Python\Python312\Lib\asyncio\futures.py first seen with mtime 1722960150.0
File C:\Users\mirjo\PycharmProjects\djangoProject\.venv\Lib\site-packages\django\http\cookie.py first seen with mtime 1724742491.4311163
File C:\Users\mirjo\PycharmProjects\djangoProject\.venv\Lib\site-packages\django\views\decorators\common.py first seen with mtime 1724742491.5034218
File C:\Users\mirjo\PycharmProjects\djangoProject\.venv\Lib\site-packages\django\db\models\indexes.py first seen with mtime 1724742491.3417826
File C:\Users\mirjo\PycharmProjects\djangoProject\.venv\Lib\site-packages\_virtualenv.py first seen with mtime 1724742474.7409952
File C:\Users\mirjo\PycharmProjects\djangoProject\base\urls.py first seen with mtime 1724839306.3290653
File C:\Users\mirjo\AppData\Local\Programs\Python\Python312\Lib\ctypes\wintypes.py first seen with mtime 1722960150.0
File C:\Users\mirjo\PycharmProjects\djangoProject\.venv\Lib\site-packages\sqlparse\formatter.py first seen with mtime 1724742488.5981307
File C:\Users\mirjo\AppData\Local\Programs\Python\Python312\Lib\ast.py first seen with mtime 1722960150.0
File C:\Users\mirjo\PycharmProjects\djangoProject\.venv\Lib\site-packages\django\contrib\auth\base_user.py first seen with mtime 1724742489.766042
File C:\Users\mirjo\AppData\Local\Programs\Python\Python312\Lib\numbers.py first seen with mtime 1722960152.0
File C:\Users\mirjo\PycharmProjects\djangoProject\.venv\Lib\site-packages\django\contrib\contenttypes\fields.py first seen with mtime 1724742489.930334
File C:\Users\mirjo\PycharmProjects\djangoProject\.venv\Lib\site-packages\django\db\models\query_utils.py first seen with mtime 1724742491.3447754
File C:\Users\mirjo\PycharmProjects\djangoProject\.venv\Lib\site-packages\django\db\backends\base\creation.py first seen with mtime 1724742491.292546
File C:\Users\mirjo\AppData\Local\Programs\Python\Python312\Lib\dataclasses.py first seen with mtime 1722960150.0
File C:\Users\mirjo\PycharmProjects\djangoProject\.venv\Lib\site-packages\django\template\autoreload.py first seen with mtime 1724742491.4411924
File C:\Users\mirjo\PycharmProjects\djangoProject\.venv\Lib\site-packages\django\utils\crypto.py first seen with mtime 1724742491.4732773
File C:\Users\mirjo\PycharmProjects\djangoProject\.venv\Lib\site-packages\django\db\models\options.py first seen with mtime 1724742491.343778
File C:\Users\mirjo\PycharmProjects\djangoProject\.venv\Lib\site-packages\django\contrib\staticfiles\apps.py first seen with mtime 1724742491.212087
File C:\Users\mirjo\PycharmProjects\djangoProject\.venv\Lib\site-packages\django\views\i18n.py first seen with mtime 1724742491.50043
File C:\Users\mirjo\AppData\Local\Programs\Python\Python312\Lib\asyncio\tasks.py first seen with mtime 1722960150.0
File C:\Users\mirjo\AppData\Local\Programs\Python\Python312\Lib\encodings\utf_8_sig.py first seen with mtime 1722960150.0
File C:\Users\mirjo\AppData\Local\Programs\Python\Python312\Lib\json\__init__.py first seen with mtime 1722960152.0
File C:\Users\mirjo\AppData\Local\Programs\Python\Python312\Lib\traceback.py first seen with mtime 1722960152.0
File C:\Users\mirjo\PycharmProjects\djangoProject\.venv\Lib\site-packages\django\contrib\admin\exceptions.py first seen with mtime 1724742489.2687082
File C:\Users\mirjo\AppData\Local\Programs\Python\Python312\Lib\hashlib.py first seen with mtime 1722960150.0
File C:\Users\mirjo\AppData\Local\Programs\Python\Python312\Lib\_weakrefset.py first seen with mtime 1722960150.0
File C:\Users\mirjo\PycharmProjects\djangoProject\.venv\Lib\site-packages\django\contrib\staticfiles\management\__init__.py first seen with mtime 1724742491.2192209
File C:\Users\mirjo\AppData\Local\Programs\Python\Python312\Lib\tempfile.py first seen with mtime 1722960152.0
File C:\Users\mirjo\PycharmProjects\djangoProject\.venv\Lib\site-packages\django\views\generic\list.py first seen with mtime 1724742491.510488
File C:\Users\mirjo\PycharmProjects\djangoProject\.venv\Lib\site-packages\django\urls\base.py first seen with mtime 1724742491.465268
File C:\Users\mirjo\AppData\Local\Programs\Python\Python312\Lib\html\entities.py first seen with mtime 1722960150.0
File C:\Users\mirjo\PycharmProjects\djangoProject\.venv\Lib\site-packages\django\db\backends\sqlite3\_functions.py first seen with mtime 1724742491.3186784
File C:\Users\mirjo\PycharmProjects\djangoProject\.venv\Lib\site-packages\django\utils\http.py first seen with mtime 1724742491.4823415
File C:\Users\mirjo\AppData\Local\Programs\Python\Python312\Lib\importlib\__init__.py first seen with mtime 1722960152.0
File C:\Users\mirjo\PycharmProjects\djangoProject\.venv\Lib\site-packages\django\template\loader.py first seen with mtime 1724742491.4472218
File C:\Users\mirjo\PycharmProjects\djangoProject\.venv\Lib\site-packages\django\template\backends\django.py first seen with mtime 1724742491.4512448
File C:\Users\mirjo\PycharmProjects\djangoProject\.venv\Lib\site-packages\django\db\models\functions\math.py first seen with mtime 1724742491.3578348
File C:\Users\mirjo\AppData\Local\Programs\Python\Python312\Lib\asyncio\base_tasks.py first seen with mtime 1722960150.0
File C:\Users\mirjo\AppData\Local\Programs\Python\Python312\DLLs\_ctypes.pyd first seen with mtime 1722960196.0
File C:\Users\mirjo\PycharmProjects\djangoProject\.venv\Lib\site-packages\django\core\files\__init__.py first seen with mtime 1724742491.2443335
File C:\Users\mirjo\PycharmProjects\djangoProject\.venv\Lib\site-packages\django\core\checks\messages.py first seen with mtime 1724742491.23731
File C:\Users\mirjo\AppData\Local\Programs\Python\Python312\Lib\shutil.py first seen with mtime 1722960152.0
File C:\Users\mirjo\AppData\Local\Programs\Python\Python312\Lib\email\headerregistry.py first seen with mtime 1722960150.0
File C:\Users\mirjo\AppData\Local\Programs\Python\Python312\Lib\gettext.py first seen with mtime 1722960150.0
File C:\Users\mirjo\PycharmProjects\djangoProject\.venv\Lib\site-packages\django\utils\dates.py first seen with mtime 1724742491.475317
File C:\Users\mirjo\PycharmProjects\djangoProject\.venv\Lib\site-packages\django\template\loader_tags.py first seen with mtime 1724742491.44822
File C:\Users\mirjo\AppData\Local\Programs\Python\Python312\Lib\glob.py first seen with mtime 1722960150.0
File C:\Users\mirjo\PycharmProjects\djangoProject\.venv\Lib\site-packages\django\core\paginator.py first seen with mtime 1724742491.227299
File C:\Users\mirjo\PycharmProjects\djangoProject\.venv\Lib\site-packages\django\contrib\__init__.py first seen with mtime 1724742489.2656791
File C:\Users\mirjo\PycharmProjects\djangoProject\.venv\Lib\site-packages\django\core\checks\files.py first seen with mtime 1724742491.23731
File C:\Users\mirjo\PycharmProjects\djangoProject\.venv\Lib\site-packages\django\contrib\admin\actions.py first seen with mtime 1724742489.2666774
File C:\Users\mirjo\AppData\Local\Programs\Python\Python312\Lib\asyncio\streams.py first seen with mtime 1722960150.0
File C:\Users\mirjo\PycharmProjects\djangoProject\.venv\Lib\site-packages\django\utils\text.py first seen with mtime 1724742491.489361
File C:\Users\mirjo\AppData\Local\Programs\Python\Python312\DLLs\select.pyd first seen with mtime 1722960196.0
File C:\Users\mirjo\PycharmProjects\djangoProject\.venv\Lib\site-packages\django\utils\hashable.py first seen with mtime 1724742491.4803455
File C:\Users\mirjo\PycharmProjects\djangoProject\.venv\Lib\site-packages\django\views\generic\edit.py first seen with mtime 1724742491.510488
File C:\Users\mirjo\AppData\Local\Programs\Python\Python312\Lib\types.py first seen with mtime 1722960152.0
File C:\Users\mirjo\AppData\Local\Programs\Python\Python312\Lib\multiprocessing\__init__.py first seen with mtime 1722960152.0
File C:\Users\mirjo\AppData\Local\Programs\Python\Python312\Lib\opcode.py first seen with mtime 1722960152.0
File C:\Users\mirjo\PycharmProjects\djangoProject\.venv\Lib\site-packages\django\core\cache\__init__.py first seen with mtime 1724742491.2302911
File C:\Users\mirjo\PycharmProjects\djangoProject\.venv\Lib\site-packages\django\core\management\commands\runserver.py first seen with mtime 1724742491.2765148
File C:\Users\mirjo\AppData\Local\Programs\Python\Python312\Lib\random.py first seen with mtime 1722960152.0
File C:\Users\mirjo\AppData\Local\Programs\Python\Python312\Lib\asyncio\mixins.py first seen with mtime 1722960150.0
File C:\Users\mirjo\PycharmProjects\djangoProject\.venv\Lib\site-packages\django\__init__.py first seen with mtime 1724742489.0377934
File C:\Users\mirjo\PycharmProjects\djangoProject\.venv\Lib\site-packages\django\contrib\auth\middleware.py first seen with mtime 1724742489.7700746
File C:\Users\mirjo\PycharmProjects\djangoProject\.venv\Lib\site-packages\sqlparse\sql.py first seen with mtime 1724742488.6001573
File C:\Users\mirjo\PycharmProjects\djangoProject\.venv\Lib\site-packages\django\urls\exceptions.py first seen with mtime 1724742491.467261
File C:\Users\mirjo\PycharmProjects\djangoProject\.venv\Lib\site-packages\django\contrib\auth\models.py first seen with mtime 1724742489.7710717
File C:\Users\mirjo\AppData\Local\Programs\Python\Python312\Lib\concurrent\futures\__init__.py first seen with mtime 1722960150.0
File C:\Users\mirjo\AppData\Local\Programs\Python\Python312\Lib\asyncio\proactor_events.py first seen with mtime 1722960150.0
File C:\Users\mirjo\PycharmProjects\djangoProject\.venv\Lib\site-packages\django\db\models\fields\json.py first seen with mtime 1724742491.3498132
File C:\Users\mirjo\PycharmProjects\djangoProject\.venv\Lib\site-packages\django\db\migrations\migration.py first seen with mtime 1724742491.327696
File C:\Users\mirjo\PycharmProjects\djangoProject\.venv\Lib\site-packages\django\db\backends\base\base.py first seen with mtime 1724742491.2915485
File C:\Users\mirjo\PycharmProjects\djangoProject\.venv\Lib\site-packages\django\template\smartif.py first seen with mtime 1724742491.4492166
File C:\Users\mirjo\PycharmProjects\djangoProject\.venv\Lib\site-packages\django\core\files\storage\mixins.py first seen with mtime 1724742491.253393
File C:\Users\mirjo\AppData\Local\Programs\Python\Python312\Lib\encodings\cp1251.py first seen with mtime 1722960150.0
File C:\Users\mirjo\PycharmProjects\djangoProject\.venv\Lib\site-packages\django\utils\log.py first seen with mtime 1724742491.4843352
File C:\Users\mirjo\PycharmProjects\djangoProject\.venv\Lib\site-packages\django\core\serializers\base.py first seen with mtime 1724742491.2835329
File C:\Users\mirjo\PycharmProjects\djangoProject\.venv\Lib\site-packages\django\db\models\fields\related_lookups.py first seen with mtime 1724742491.3538437
File C:\Users\mirjo\PycharmProjects\djangoProject\.venv\Lib\site-packages\sqlparse\filters\output.py first seen with mtime 1724742488.6041467
File C:\Users\mirjo\AppData\Local\Programs\Python\Python312\DLLs\_lzma.pyd first seen with mtime 1722960196.0
File C:\Users\mirjo\PycharmProjects\djangoProject\.venv\Lib\site-packages\django\core\signals.py first seen with mtime 1724742491.227299
File C:\Users\mirjo\AppData\Local\Programs\Python\Python312\Lib\urllib\response.py first seen with mtime 1722960152.0
File C:\Users\mirjo\PycharmProjects\djangoProject\.venv\Lib\site-packages\django\contrib\messages\utils.py first seen with mtime 1724742490.5400136
File C:\Users\mirjo\PycharmProjects\djangoProject\.venv\Lib\site-packages\django\contrib\contenttypes\management\__init__.py first seen with mtime 1724742490.0538151
File C:\Users\mirjo\AppData\Local\Programs\Python\Python312\Lib\logging\handlers.py first seen with mtime 1722960152.0
File C:\Users\mirjo\PycharmProjects\djangoProject\.venv\Lib\site-packages\django\template\base.py first seen with mtime 1724742491.4421897
File C:\Users\mirjo\AppData\Local\Programs\Python\Python312\Lib\struct.py first seen with mtime 1722960152.0
File C:\Users\mirjo\PycharmProjects\djangoProject\.venv\Lib\site-packages\django\db\backends\signals.py first seen with mtime 1724742491.2895546
File C:\Users\mirjo\PycharmProjects\djangoProject\.venv\Lib\site-packages\django\contrib\admin\sites.py first seen with mtime 1724742489.2717016
File C:\Users\mirjo\AppData\Local\Programs\Python\Python312\Lib\sqlite3\dbapi2.py first seen with mtime 1722960152.0
File C:\Users\mirjo\AppData\Local\Programs\Python\Python312\Lib\weakref.py first seen with mtime 1722960152.0
File C:\Users\mirjo\PycharmProjects\djangoProject\.venv\Lib\site-packages\django\core\management\color.py first seen with mtime 1724742491.2644637
File C:\Users\mirjo\PycharmProjects\djangoProject\.venv\Lib\site-packages\django\contrib\sessions\__init__.py first seen with mtime 1724742490.886775
File C:\Users\mirjo\PycharmProjects\djangoProject\.venv\Lib\site-packages\sqlparse\filters\__init__.py first seen with mtime 1724742488.6031494
File C:\Users\mirjo\PycharmProjects\djangoProject\.venv\Lib\site-packages\django\db\models\expressions.py first seen with mtime 1724742491.3407397
File C:\Users\mirjo\AppData\Local\Programs\Python\Python312\DLLs\_socket.pyd first seen with mtime 1722960196.0
File C:\Users\mirjo\PycharmProjects\djangoProject\.venv\Lib\site-packages\django\core\files\move.py first seen with mtime 1724742491.2463713
File C:\Users\mirjo\AppData\Local\Programs\Python\Python312\Lib\signal.py first seen with mtime 1722960152.0
File C:\Users\mirjo\PycharmProjects\djangoProject\.venv\Lib\site-packages\django\core\cache\backends\base.py first seen with mtime 1724742491.2312891
File C:\Users\mirjo\AppData\Local\Programs\Python\Python312\Lib\__future__.py first seen with mtime 1722960150.0
File C:\Users\mirjo\AppData\Local\Programs\Python\Python312\Lib\email\message.py first seen with mtime 1722960150.0
File C:\Users\mirjo\AppData\Local\Programs\Python\Python312\Lib\asyncio\threads.py first seen with mtime 1722960150.0
File C:\Users\mirjo\PycharmProjects\djangoProject\.venv\Lib\site-packages\django\core\checks\__init__.py first seen with mtime 1724742491.2353153
File C:\Users\mirjo\AppData\Local\Programs\Python\Python312\Lib\wsgiref\__init__.py first seen with mtime 1722960152.0
File C:\Users\mirjo\PycharmProjects\djangoProject\.venv\Lib\site-packages\django\utils\translation\reloader.py first seen with mtime 1724742491.4944115
File C:\Users\mirjo\PycharmProjects\djangoProject\.venv\Lib\site-packages\django\core\files\base.py first seen with mtime 1724742491.245373
File C:\Users\mirjo\PycharmProjects\djangoProject\.venv\Lib\site-packages\django\template\loaders\app_directories.py first seen with mtime 1724742491.45324
File C:\Users\mirjo\PycharmProjects\djangoProject\.venv\Lib\site-packages\django\core\files\temp.py first seen with mtime 1724742491.247369
File C:\Users\mirjo\PycharmProjects\djangoProject\.venv\Lib\site-packages\django\core\management\base.py first seen with mtime 1724742491.2634647
File C:\Users\mirjo\PycharmProjects\djangoProject\.venv\Lib\site-packages\django\db\utils.py first seen with mtime 1724742491.2885566
File C:\Users\mirjo\AppData\Local\Programs\Python\Python312\Lib\encodings\aliases.py first seen with mtime 1722960150.0
File C:\Users\mirjo\PycharmProjects\djangoProject\.venv\Lib\site-packages\django\urls\utils.py first seen with mtime 1724742491.4682906
File C:\Users\mirjo\AppData\Local\Programs\Python\Python312\Lib\re\_constants.py first seen with mtime 1722960152.0
File C:\Users\mirjo\PycharmProjects\djangoProject\.venv\Lib\site-packages\django\core\cache\backends\filebased.py first seen with mtime 1724742491.2333195
File C:\Users\mirjo\AppData\Local\Programs\Python\Python312\Lib\socket.py first seen with mtime 1722960152.0
File C:\Users\mirjo\PycharmProjects\djangoProject\.venv\Lib\site-packages\django\db\models\constants.py first seen with mtime 1724742491.3377478
File C:\Users\mirjo\PycharmProjects\djangoProject\.venv\Lib\site-packages\django\forms\fields.py first seen with mtime 1724742491.3678863
File C:\Users\mirjo\AppData\Local\Programs\Python\Python312\Lib\locale.py first seen with mtime 1722960152.0
File C:\Users\mirjo\PycharmProjects\djangoProject\.venv\Lib\site-packages\django\views\defaults.py first seen with mtime 1724742491.4994333
File C:\Users\mirjo\PycharmProjects\djangoProject\.venv\Lib\site-packages\django\contrib\auth\tokens.py first seen with mtime 1724742489.773068
File C:\Users\mirjo\PycharmProjects\djangoProject\.venv\Lib\site-packages\django\db\migrations\operations\fields.py first seen with mtime 1724742491.3327177
File C:\Users\mirjo\PycharmProjects\djangoProject\.venv\Lib\site-packages\django\shortcuts.py first seen with mtime 1724742489.038793
File C:\Users\mirjo\PycharmProjects\djangoProject\.venv\Lib\site-packages\django\templatetags\cache.py first seen with mtime 1724742491.4562616
File C:\Users\mirjo\PycharmProjects\djangoProject\.venv\Lib\site-packages\django\contrib\sites\__init__.py first seen with mtime 1724742491.0615072
File C:\Users\mirjo\AppData\Local\Programs\Python\Python312\Lib\concurrent\futures\thread.py first seen with mtime 1722960150.0
File C:\Users\mirjo\AppData\Local\Programs\Python\Python312\Lib\asyncio\locks.py first seen with mtime 1722960150.0
File C:\Users\mirjo\AppData\Local\Programs\Python\Python312\Lib\email\encoders.py first seen with mtime 1722960150.0
File C:\Users\mirjo\AppData\Local\Programs\Python\Python312\Lib\string.py first seen with mtime 1722960152.0
File C:\Users\mirjo\AppData\Local\Programs\Python\Python312\Lib\collections\__init__.py first seen with mtime 1722960150.0
File C:\Users\mirjo\PycharmProjects\djangoProject\.venv\Lib\site-packages\django\contrib\auth\validators.py first seen with mtime 1724742489.773104
File C:\Users\mirjo\AppData\Local\Programs\Python\Python312\Lib\logging\config.py first seen with mtime 1722960152.0
File C:\Users\mirjo\PycharmProjects\djangoProject\.venv\Lib\site-packages\sqlparse\cli.py first seen with mtime 1724742488.5971313
File C:\Users\mirjo\PycharmProjects\djangoProject\base\__init__.py first seen with mtime 1724744881.5887816
File C:\Users\mirjo\PycharmProjects\djangoProject\.venv\Lib\site-packages\django\template\engine.py first seen with mtime 1724742491.4462252
File C:\Users\mirjo\PycharmProjects\djangoProject\.venv\Lib\site-packages\sqlparse\filters\reindent.py first seen with mtime 1724742488.605144
File C:\Users\mirjo\PycharmProjects\djangoProject\.venv\Lib\site-packages\django\core\files\utils.py first seen with mtime 1724742491.2493627
File C:\Users\mirjo\PycharmProjects\djangoProject\.venv\Lib\site-packages\django\db\migrations\exceptions.py first seen with mtime 1724742491.3247032
File C:\Users\mirjo\PycharmProjects\djangoProject\.venv\Lib\site-packages\django\utils\formats.py first seen with mtime 1724742491.479307
File C:\Users\mirjo\PycharmProjects\djangoProject\.venv\Lib\site-packages\django\utils\timezone.py first seen with mtime 1724742491.4903567
File C:\Users\mirjo\PycharmProjects\djangoProject\.venv\Lib\site-packages\django\contrib\sites\requests.py first seen with mtime 1724742491.0675294
File C:\Users\mirjo\AppData\Local\Programs\Python\Python312\Lib\asyncio\sslproto.py first seen with mtime 1722960150.0
File C:\Users\mirjo\PycharmProjects\djangoProject\.venv\Lib\site-packages\django\contrib\auth\checks.py first seen with mtime 1724742489.7670822
File C:\Users\mirjo\PycharmProjects\djangoProject\.venv\Lib\site-packages\django\db\models\sql\query.py first seen with mtime 1724742491.3628607
File C:\Users\mirjo\AppData\Local\Programs\Python\Python312\Lib\asyncio\log.py first seen with mtime 1722960150.0
File C:\Users\mirjo\PycharmProjects\djangoProject\.venv\Lib\site-packages\django\contrib\messages\api.py first seen with mtime 1724742490.5369804
File C:\Users\mirjo\PycharmProjects\djangoProject\.venv\Lib\site-packages\django\db\migrations\utils.py first seen with mtime 1724742491.3307238
File C:\Users\mirjo\PycharmProjects\djangoProject\.venv\Lib\site-packages\django\urls\conf.py first seen with mtime 1724742491.465268
File C:\Users\mirjo\PycharmProjects\djangoProject\.venv\Lib\site-packages\django\utils\version.py first seen with mtime 1724742491.4924152
File C:\Users\mirjo\AppData\Local\Programs\Python\Python312\Lib\asyncio\windows_events.py first seen with mtime 1722960150.0
File C:\Users\mirjo\PycharmProjects\djangoProject\.venv\Lib\site-packages\django\contrib\admin\templatetags\admin_urls.py first seen with mtime 1724742489.5981092
File C:\Users\mirjo\PycharmProjects\djangoProject\.venv\Lib\site-packages\django\db\models\manager.py first seen with mtime 1724742491.3427804
File C:\Users\mirjo\PycharmProjects\djangoProject\.venv\Lib\site-packages\sqlparse\utils.py first seen with mtime 1724742488.6011546
File C:\Users\mirjo\AppData\Local\Programs\Python\Python312\Lib\_compat_pickle.py first seen with mtime 1722960150.0
File C:\Users\mirjo\AppData\Local\Programs\Python\Python312\Lib\copyreg.py first seen with mtime 1722960150.0
File C:\Users\mirjo\PycharmProjects\djangoProject\.venv\Lib\site-packages\django\db\models\query.py first seen with mtime 1724742491.3447754
File C:\Users\mirjo\PycharmProjects\djangoProject\base\views.py first seen with mtime 1726223756.4351656
File C:\Users\mirjo\PycharmProjects\djangoProject\.venv\Lib\site-packages\django\core\checks\security\__init__.py first seen with mtime 1724742491.2423382
File C:\Users\mirjo\PycharmProjects\djangoProject\.venv\Lib\site-packages\django\conf\locale\__init__.py first seen with mtime 1724742489.045859
File C:\Users\mirjo\PycharmProjects\djangoProject\.venv\Lib\site-packages\django\db\models\fields\generated.py first seen with mtime 1724742491.348816
File C:\Users\mirjo\PycharmProjects\djangoProject\.venv\Lib\site-packages\django\utils\autoreload.py first seen with mtime 1724742491.4702861
File C:\Users\mirjo\PycharmProjects\djangoProject\.venv\Lib\site-packages\django\contrib\staticfiles\management\commands\runserver.py first seen with mtime 1724742491.2222662
File C:\Users\mirjo\PycharmProjects\djangoProject\.venv\Lib\site-packages\django\db\models\fields\mixins.py first seen with mtime 1724742491.35081
File C:\Users\mirjo\AppData\Local\Programs\Python\Python312\Lib\difflib.py first seen with mtime 1722960150.0
File C:\Users\mirjo\PycharmProjects\djangoProject\.venv\Lib\site-packages\django\template\loaders\cached.py first seen with mtime 1724742491.454237
File C:\Users\mirjo\AppData\Local\Programs\Python\Python312\Lib\asyncio\protocols.py first seen with mtime 1722960150.0
File C:\Users\mirjo\PycharmProjects\djangoProject\.venv\Lib\site-packages\django\db\backends\ddl_references.py first seen with mtime 1724742491.2895546
File C:\Users\mirjo\PycharmProjects\djangoProject\.venv\Lib\site-packages\asgiref\local.py first seen with mtime 1724742488.9137938
File C:\Users\mirjo\AppData\Local\Programs\Python\Python312\Lib\re\_compiler.py first seen with mtime 1722960152.0
File C:\Users\mirjo\PycharmProjects\djangoProject\.venv\Lib\site-packages\django\db\backends\base\__init__.py first seen with mtime 1724742491.290552
File C:\Users\mirjo\PycharmProjects\djangoProject\.venv\Lib\site-packages\django\db\models\functions\text.py first seen with mtime 1724742491.3588314
File C:\Users\mirjo\PycharmProjects\djangoProject\.venv\Lib\site-packages\django\views\static.py first seen with mtime 1724742491.5014288
File C:\Users\mirjo\PycharmProjects\djangoProject\.venv\Lib\site-packages\django\contrib\messages\storage\__init__.py first seen with mtime 1724742490.5400136
File C:\Users\mirjo\PycharmProjects\djangoProject\.venv\Lib\site-packages\django\forms\widgets.py first seen with mtime 1724742491.372919
File C:\Users\mirjo\AppData\Local\Programs\Python\Python312\Lib\encodings\__init__.py first seen with mtime 1722960150.0
File C:\Users\mirjo\PycharmProjects\djangoProject\.venv\Lib\site-packages\django\utils\translation\trans_real.py first seen with mtime 1724742491.4964056
File C:\Users\mirjo\AppData\Local\Programs\Python\Python312\Lib\textwrap.py first seen with mtime 1722960152.0
File C:\Users\mirjo\PycharmProjects\djangoProject\.venv\Lib\site-packages\django\http\__init__.py first seen with mtime 1724742491.430121
File C:\Users\mirjo\AppData\Local\Programs\Python\Python312\Lib\datetime.py first seen with mtime 1722960150.0
File C:\Users\mirjo\PycharmProjects\djangoProject\.venv\Lib\site-packages\django\core\files\locks.py first seen with mtime 1724742491.2463713
File C:\Users\mirjo\PycharmProjects\djangoProject\.venv\Lib\site-packages\django\template\exceptions.py first seen with mtime 1724742491.4462252
File C:\Users\mirjo\AppData\Local\Programs\Python\Python312\Lib\urllib\__init__.py first seen with mtime 1722960152.0
File C:\Users\mirjo\PycharmProjects\djangoProject\.venv\Lib\site-packages\django\contrib\auth\password_validation.py first seen with mtime 1724742489.7710717
File C:\Users\mirjo\PycharmProjects\djangoProject\.venv\Lib\site-packages\django\core\management\commands\__init__.py first seen with mtime 1724742491.2674546
File C:\Users\mirjo\AppData\Local\Programs\Python\Python312\Lib\asyncio\transports.py first seen with mtime 1722960150.0
File C:\Users\mirjo\PycharmProjects\djangoProject\.venv\Lib\site-packages\django\contrib\staticfiles\handlers.py first seen with mtime 1724742491.214082
File C:\Users\mirjo\PycharmProjects\djangoProject\.venv\Lib\site-packages\django\core\handlers\__init__.py first seen with mtime 1724742491.253393
File C:\Users\mirjo\PycharmProjects\djangoProject\.venv\Lib\site-packages\django\core\wsgi.py first seen with mtime 1724742491.2292953
File C:\Users\mirjo\PycharmProjects\djangoProject\.venv\Lib\site-packages\django\dispatch\__init__.py first seen with mtime 1724742491.3648558
File C:\Users\mirjo\PycharmProjects\djangoProject\.venv\Lib\site-packages\django\template\backends\base.py first seen with mtime 1724742491.4502468
File C:\Users\mirjo\PycharmProjects\djangoProject\.venv\Lib\site-packages\django\utils\dateparse.py first seen with mtime 1724742491.4743195
File C:\Users\mirjo\AppData\Local\Programs\Python\Python312\Lib\nturl2path.py first seen with mtime 1722960152.0
File C:\Users\mirjo\PycharmProjects\djangoProject\.venv\Lib\site-packages\sqlparse\keywords.py first seen with mtime 1724742488.599128
File C:\Users\mirjo\AppData\Local\Programs\Python\Python312\Lib\warnings.py first seen with mtime 1722960152.0
File C:\Users\mirjo\AppData\Local\Programs\Python\Python312\Lib\asyncio\queues.py first seen with mtime 1722960150.0
File C:\Users\mirjo\PycharmProjects\djangoProject\base\templates\index.html first seen with mtime 1726224866.9927163
"GET / HTTP/1.1" 200 14095
Not Found: /static/css/main.css
Not Found: /static/img/hero-carousel/carusel-1.png
Not Found: /static/img/hero-carousel/carusel-2.jpg
"GET /static/img/hero-carousel/carusel-1.png HTTP/1.1" 404 179
"GET /static/css/main.css HTTP/1.1" 404 179
"GET /static/img/hero-carousel/carusel-2.jpg HTTP/1.1" 404 179
Not Found: /static/img/hero-carousel/carusel-3.jpg
Not Found: /static/img/hero-carousel/carusel-4.jpg
Not Found: /static/img/hero-carousel/carusel-5.jpg
"GET /static/img/hero-carousel/carusel-4.jpg HTTP/1.1" 404 179
"GET /static/img/hero-carousel/carusel-5.jpg HTTP/1.1" 404 179
"GET /static/img/hero-carousel/carusel-3.jpg HTTP/1.1" 404 179
Not Found: /static/js/main.js
Not Found: /media/Images/metal_YWUdNjz.jpeg
Not Found: /static/img/logo.svg
"GET /media/Images/metal_YWUdNjz.jpeg HTTP/1.1" 404 179
"GET /static/js/main.js HTTP/1.1" 404 179
"GET /static/img/logo.svg HTTP/1.1" 404 179
File C:\Users\mirjo\PycharmProjects\djangoProject\.venv\Lib\site-packages\django\contrib\sessions\migrations\__init__.py first seen with mtime 1724742491.0585146
File C:\Users\mirjo\PycharmProjects\djangoProject\.venv\Lib\site-packages\PIL\__init__.py first seen with mtime 1724768951.230391
File C:\Users\mirjo\PycharmProjects\djangoProject\.venv\Lib\site-packages\django\contrib\auth\migrations\0004_alter_user_username_opts.py first seen with mtime 1724742489.922278
File C:\Users\mirjo\PycharmProjects\djangoProject\.venv\Lib\site-packages\PIL\TiffTags.py first seen with mtime 1724768951.230391
File C:\Users\mirjo\PycharmProjects\djangoProject\.venv\Lib\site-packages\django\contrib\admin\migrations\0003_logentry_add_action_flag_choices.py first seen with mtime 1724742489.5036986
File C:\Users\mirjo\PycharmProjects\djangoProject\.venv\Lib\site-packages\django\contrib\auth\migrations\0009_alter_user_last_name_max_length.py first seen with mtime 1724742489.9243116
File C:\Users\mirjo\PycharmProjects\djangoProject\.venv\Lib\site-packages\django\contrib\admin\migrations\0001_initial.py first seen with mtime 1724742489.502663
File C:\Users\mirjo\PycharmProjects\djangoProject\.venv\Lib\site-packages\django\contrib\auth\migrations\0007_alter_validators_add_error_messages.py first seen with mtime 1724742489.9232752
File C:\Users\mirjo\PycharmProjects\djangoProject\.venv\Lib\site-packages\PIL\_typing.py first seen with mtime 1724768951.2616336
File C:\Users\mirjo\PycharmProjects\djangoProject\.venv\Lib\site-packages\django\contrib\auth\migrations\0008_alter_user_username_max_length.py first seen with mtime 1724742489.9243116
File C:\Users\mirjo\PycharmProjects\djangoProject\.venv\Lib\site-packages\django\core\cache\backends\locmem.py first seen with mtime 1724742491.2333195
File C:\Users\mirjo\PycharmProjects\djangoProject\.venv\Lib\site-packages\django\contrib\messages\middleware.py first seen with mtime 1724742490.5390146
File C:\Users\mirjo\PycharmProjects\djangoProject\.venv\Lib\site-packages\django\contrib\sessions\migrations\0001_initial.py first seen with mtime 1724742491.0574806
File C:\Users\mirjo\PycharmProjects\djangoProject\.venv\Lib\site-packages\PIL\_imaging.cp312-win_amd64.pyd first seen with mtime 1724768951.2460122
File C:\Users\mirjo\PycharmProjects\djangoProject\.venv\Lib\site-packages\django\contrib\contenttypes\migrations\__init__.py first seen with mtime 1724742490.0568497
File C:\Users\mirjo\PycharmProjects\djangoProject\.venv\Lib\site-packages\django\middleware\common.py first seen with mtime 1724742491.4351437
File C:\Users\mirjo\PycharmProjects\djangoProject\.venv\Lib\site-packages\PIL\ImageMode.py first seen with mtime 1724768951.2147696
File C:\Users\mirjo\PycharmProjects\djangoProject\.venv\Lib\site-packages\django\db\migrations\graph.py first seen with mtime 1724742491.3257008
File C:\Users\mirjo\PycharmProjects\djangoProject\.venv\Lib\site-packages\django\db\migrations\recorder.py first seen with mtime 1724742491.3286932
File C:\Users\mirjo\PycharmProjects\djangoProject\.venv\Lib\site-packages\django\contrib\auth\migrations\0002_alter_permission_name_max_length.py first seen with mtime 1724742489.9212809
File C:\Users\mirjo\PycharmProjects\djangoProject\.venv\Lib\site-packages\PIL\_util.py first seen with mtime 1724768951.2616336
File C:\Users\mirjo\PycharmProjects\djangoProject\.venv\Lib\site-packages\django\contrib\auth\migrations\0012_alter_user_first_name_max_length.py first seen with mtime 1724742489.9263067
File C:\Users\mirjo\PycharmProjects\djangoProject\.venv\Lib\site-packages\PIL\Image.py first seen with mtime 1724768951.1991484
File C:\Users\mirjo\PycharmProjects\djangoProject\.venv\Lib\site-packages\django\contrib\sessions\backends\__init__.py first seen with mtime 1724742490.8918135
File C:\Users\mirjo\PycharmProjects\djangoProject\.venv\Lib\site-packages\PIL\ExifTags.py first seen with mtime 1724768951.1991484
File C:\Users\mirjo\PycharmProjects\djangoProject\.venv\Lib\site-packages\django\middleware\clickjacking.py first seen with mtime 1724742491.4351437
File C:\Users\mirjo\PycharmProjects\djangoProject\djangoProject\wsgi.py first seen with mtime 1724742501.0400944
File C:\Users\mirjo\PycharmProjects\djangoProject\.venv\Lib\site-packages\PIL\_binary.py first seen with mtime 1724768951.230391
File C:\Users\mirjo\PycharmProjects\djangoProject\.venv\Lib\site-packages\django\contrib\auth\migrations\0003_alter_user_email_max_length.py first seen with mtime 1724742489.9212809
File C:\Users\mirjo\PycharmProjects\djangoProject\.venv\Lib\site-packages\django\contrib\auth\migrations\0006_require_contenttypes_0002.py first seen with mtime 1724742489.9232752
File C:\Users\mirjo\PycharmProjects\djangoProject\base\migrations\__init__.py first seen with mtime 1726223600.525399
File C:\Users\mirjo\PycharmProjects\djangoProject\.venv\Lib\site-packages\django\db\migrations\loader.py first seen with mtime 1724742491.326698
File C:\Users\mirjo\PycharmProjects\djangoProject\.venv\Lib\site-packages\django\contrib\contenttypes\migrations\0002_remove_content_type_name.py first seen with mtime 1724742490.0558095
File C:\Users\mirjo\PycharmProjects\djangoProject\.venv\Lib\site-packages\django\contrib\auth\migrations\__init__.py first seen with mtime 1724742489.9263067
File C:\Users\mirjo\AppData\Local\Programs\Python\Python312\Lib\stringprep.py first seen with mtime 1722960152.0
File C:\Users\mirjo\PycharmProjects\djangoProject\.venv\Lib\site-packages\django\db\models\sql\compiler.py first seen with mtime 1724742491.3608656
File C:\Users\mirjo\PycharmProjects\djangoProject\.venv\Lib\site-packages\PIL\_version.py first seen with mtime 1724768951.2616336
File C:\Users\mirjo\PycharmProjects\djangoProject\.venv\Lib\site-packages\django\contrib\sessions\exceptions.py first seen with mtime 1724742490.88877
File C:\Users\mirjo\PycharmProjects\djangoProject\.venv\Lib\site-packages\django\contrib\sessions\middleware.py first seen with mtime 1724742490.889817
File C:\Users\mirjo\PycharmProjects\djangoProject\.venv\Lib\site-packages\django\contrib\auth\migrations\0001_initial.py first seen with mtime 1724742489.9202833
File C:\Users\mirjo\AppData\Local\Programs\Python\Python312\Lib\encodings\idna.py first seen with mtime 1722960150.0
File C:\Users\mirjo\PycharmProjects\djangoProject\base\migrations\0001_initial.py first seen with mtime 1726226486.0623174
File C:\Users\mirjo\PycharmProjects\djangoProject\.venv\Lib\site-packages\django\contrib\sessions\backends\base.py first seen with mtime 1724742490.8928094
File C:\Users\mirjo\PycharmProjects\djangoProject\.venv\Lib\site-packages\django\db\migrations\executor.py first seen with mtime 1724742491.3257008
File C:\Users\mirjo\PycharmProjects\djangoProject\.venv\Lib\site-packages\django\contrib\auth\migrations\0005_alter_user_last_login_null.py first seen with mtime 1724742489.922278
File C:\Users\mirjo\PycharmProjects\djangoProject\.venv\Lib\site-packages\django\contrib\auth\migrations\0011_update_proxy_permissions.py first seen with mtime 1724742489.9253104
File C:\Users\mirjo\PycharmProjects\djangoProject\.venv\Lib\site-packages\django\contrib\contenttypes\migrations\0001_initial.py first seen with mtime 1724742490.0558095
File C:\Users\mirjo\PycharmProjects\djangoProject\.venv\Lib\site-packages\django\contrib\sessions\backends\db.py first seen with mtime 1724742490.893808
File C:\Users\mirjo\PycharmProjects\djangoProject\.venv\Lib\site-packages\django\contrib\admin\migrations\__init__.py first seen with mtime 1724742489.5036986
File C:\Users\mirjo\PycharmProjects\djangoProject\.venv\Lib\site-packages\PIL\_deprecate.py first seen with mtime 1724768951.230391
File C:\Users\mirjo\PycharmProjects\djangoProject\.venv\Lib\site-packages\django\contrib\admin\migrations\0002_logentry_remove_auto_add.py first seen with mtime 1724742489.5036986
File C:\Users\mirjo\PycharmProjects\djangoProject\.venv\Lib\site-packages\django\contrib\auth\migrations\0010_alter_group_name_max_length.py first seen with mtime 1724742489.9253104
File C:\Users\mirjo\PycharmProjects\djangoProject\.venv\Lib\site-packages\django\template\context_processors.py first seen with mtime 1724742491.443187
File C:\Users\mirjo\PycharmProjects\djangoProject\.venv\Lib\site-packages\django\contrib\staticfiles\storage.py first seen with mtime 1724742491.2152305
File C:\Users\mirjo\PycharmProjects\djangoProject\.venv\Lib\site-packages\django\contrib\messages\context_processors.py first seen with mtime 1724742490.5379777
File C:\Users\mirjo\PycharmProjects\djangoProject\.venv\Lib\site-packages\django\contrib\messages\storage\cookie.py first seen with mtime 1724742490.5420084
File C:\Users\mirjo\PycharmProjects\djangoProject\.venv\Lib\site-packages\django\contrib\sessions\serializers.py first seen with mtime 1724742490.8918135
File C:\Users\mirjo\PycharmProjects\djangoProject\.venv\Lib\site-packages\django\contrib\messages\storage\fallback.py first seen with mtime 1724742490.5430043
File C:\Users\mirjo\PycharmProjects\djangoProject\.venv\Lib\site-packages\django\contrib\auth\context_processors.py first seen with mtime 1724742489.7680814
File C:\Users\mirjo\PycharmProjects\djangoProject\.venv\Lib\site-packages\django\contrib\messages\storage\session.py first seen with mtime 1724742490.5430043
File C:\Users\mirjo\PycharmProjects\djangoProject\djangoProject\settings.py previous mtime: 1726229749.304257, current mtime: 1726229817.0469475
C:\Users\mirjo\PycharmProjects\djangoProject\djangoProject\settings.py notified as changed. Signal results: [(<function template_changed at 0x000001E81F345A80>, None), (<function translation_file_changed at 0x000001E82029B560>, None)].
C:\Users\mirjo\PycharmProjects\djangoProject\djangoProject\settings.py changed, reloading.
